<?xml version="1.0" encoding="UTF-8"?>
<testsuite name="TaskTest" tests="5" skipped="0" failures="0" errors="0" timestamp="2015-08-24T22:52:28" hostname="epicodus-112.local" time="0.149">
  <properties/>
  <testcase name="equals_returnsTrueIfDescriptionsAretheSame" classname="TaskTest" time="0.075"/>
  <testcase name="save_returnsTrueIfDescriptionsAretheSame" classname="TaskTest" time="0.037"/>
  <testcase name="all_emptyAtFirst" classname="TaskTest" time="0.009"/>
  <testcase name="save_assignsIdToObject" classname="TaskTest" time="0.013"/>
  <testcase name="find_findsTaskInDatabase_true" classname="TaskTest" time="0.014"/>
  <system-out><![CDATA[]]></system-out>
  <system-err><![CDATA[]]></system-err>
</testsuite>
