<?xml version="1.0" encoding="UTF-8"?>
<testsuite name="ToDoCategoryTest" tests="4" skipped="0" failures="0" errors="0" timestamp="2015-08-25T00:06:40" hostname="epicodus-112.local" time="0.057">
  <properties/>
  <testcase name="equals_returnsTrueIfNamesAretheSame" classname="ToDoCategoryTest" time="0.008"/>
  <testcase name="all_emptyAtFirst" classname="ToDoCategoryTest" time="0.012"/>
  <testcase name="find_findCategoryInDatabase_true" classname="ToDoCategoryTest" time="0.021"/>
  <testcase name="save_savesIntoDatabase_true" classname="ToDoCategoryTest" time="0.015"/>
  <system-out><![CDATA[]]></system-out>
  <system-err><![CDATA[]]></system-err>
</testsuite>
